# phi U(phi)
-3.141593 111.688666
-3.124091 110.318026
-3.106589 108.954952
-3.089087 107.599447
-3.071585 106.251518
-3.054083 104.911343
-3.036581 103.579021
-3.019079 102.254306
-3.001577 100.937213
-2.984075 99.627759
-2.966574 98.326307
-2.949072 97.032625
-2.931570 95.746649
-2.914068 94.468406
-2.896566 93.198008
-2.879064 91.935750
-2.861562 90.681319
-2.844060 89.434752
-2.826558 88.196085
-2.809056 86.965614
-2.791554 85.743303
-2.774053 84.529022
-2.756551 83.322816
-2.739049 82.124736
-2.721547 80.935257
-2.704045 79.754014
-2.686543 78.581057
-2.669041 77.416444
-2.651539 76.260401
-2.634037 75.113088
-2.616535 73.974305
-2.599033 72.844118
-2.581532 71.722596
-2.564030 70.610144
-2.546528 69.506593
-2.529026 68.411923
-2.511524 67.326210
-2.494022 66.249610
-2.476520 65.182477
-2.459018 64.124540
-2.441516 63.075885
-2.424014 62.036595
-2.406512 61.007006
-2.389011 59.987141
-2.371509 58.976909
-2.354007 57.976403
-2.336505 56.985716
-2.319003 56.005363
-2.301501 55.035034
-2.283999 54.074816
-2.266497 53.124811
-2.248995 52.185280
-2.231493 51.256437
-2.213991 50.338117
-2.196490 49.430427
-2.178988 48.533475
-2.161486 47.647700
-2.143984 46.772982
-2.126482 45.909333
-2.108980 45.056868
-2.091478 44.215771
-2.073976 43.386446
-2.056474 42.568650
-2.038972 41.762502
-2.021470 40.968121
-2.003969 40.185869
-1.986467 39.415812
-1.968965 38.657886
-1.951463 37.912214
-1.933961 37.178918
-1.916459 36.458538
-1.898957 35.750803
-1.881455 35.055821
-1.863953 34.373722
-1.846451 33.704786
-1.828949 33.049264
-1.811448 32.407009
-1.793946 31.778152
-1.776444 31.162822
-1.758942 30.561477
-1.741440 29.974026
-1.723938 29.400497
-1.706436 28.841023
-1.688934 28.295802
-1.671432 27.765264
-1.653930 27.249179
-1.636428 26.747681
-1.618927 26.260903
-1.601425 25.789216
-1.583923 25.332710
-1.566421 24.891326
-1.548919 24.465198
-1.531417 24.054460
-1.513915 23.659654
-1.496413 23.280527
-1.478911 22.917192
-1.461409 22.569782
-1.443907 22.238579
-1.426406 21.923849
-1.408904 21.625443
-1.391402 21.343494
-1.373900 21.078134
-1.356398 20.829813
-1.338896 20.598455
-1.321394 20.384079
-1.303892 20.186816
-1.286390 20.006856
-1.268888 19.844636
-1.251386 19.699915
-1.233885 19.572821
-1.216383 19.463481
-1.198881 19.372253
-1.181379 19.299228
-1.163877 19.244333
-1.146375 19.207691
-1.128873 19.189425
-1.111371 19.190059
-1.093869 19.209339
-1.076367 19.247356
-1.058865 19.304230
-1.041364 19.380220
-1.023862 19.475587
-1.006360 19.590159
-0.988858 19.724050
-0.971356 19.877372
-0.953854 20.050552
-0.936352 20.243499
-0.918850 20.456209
-0.901348 20.688787
-0.883846 20.941394
-0.866344 21.214455
-0.848843 21.507698
-0.831341 21.821223
-0.813839 22.155132
-0.796337 22.509748
-0.778835 22.885145
-0.761333 23.281215
-0.743831 23.698051
-0.726329 24.135745
-0.708827 24.594783
-0.691325 25.074889
-0.673823 25.576118
-0.656322 26.098553
-0.638820 26.642415
-0.621318 27.207939
-0.603816 27.794913
-0.586314 28.403412
-0.568812 29.033513
-0.551310 29.685596
-0.533808 30.359547
-0.516306 31.055312
-0.498804 31.772959
-0.481302 32.512603
-0.463801 33.274637
-0.446299 34.058743
-0.428797 34.864979
-0.411295 35.693401
-0.393793 36.544286
-0.376291 37.417674
-0.358789 38.313406
-0.341287 39.231531
-0.323785 40.172095
-0.306283 41.135532
-0.288781 42.121531
-0.271280 43.130094
-0.253778 44.161256
-0.236276 45.215186
-0.218774 46.292081
-0.201272 47.391673
-0.183770 48.513991
-0.166268 49.659060
-0.148766 50.827207
-0.131264 52.018276
-0.113762 53.232160
-0.096260 54.468874
-0.078759 55.728477
-0.061257 57.011322
-0.043755 58.317033
-0.026253 59.645617
-0.008751 60.997078
0.008751 62.371635
0.026253 63.769286
0.043755 65.189814
0.061257 66.633215
0.078759 68.099483
0.096260 69.588992
0.113762 71.101390
0.131264 72.636619
0.148766 74.194662
0.166268 75.775628
0.183770 77.379671
0.201272 79.006465
0.218774 80.655985
0.236276 82.328203
0.253778 84.023385
0.271280 85.741335
0.288781 87.481885
0.306283 89.244998
0.323785 91.030673
0.341287 92.839222
0.358789 94.670209
0.376291 96.523589
0.393793 98.399314
0.411295 100.297541
0.428797 102.218231
0.446299 104.161108
0.463801 106.126115
0.481302 108.113193
0.498804 110.122661
0.516306 112.154126
0.533808 114.207473
0.551310 116.282635
0.568812 118.379664
0.586314 120.498676
0.603816 122.639289
0.621318 124.801428
0.638820 126.985016
0.656322 129.190266
0.673823 131.416943
0.691325 133.664827
0.708827 135.933833
0.726329 138.223907
0.743831 140.535326
0.761333 142.867602
0.778835 145.220644
0.796337 147.594360
0.813839 149.988856
0.831341 152.404060
0.848843 154.839646
0.866344 157.295516
0.883846 159.771567
0.901348 162.268072
0.918850 164.784607
0.936352 167.321010
0.953854 169.877175
0.971356 172.453108
0.988858 175.048898
1.006360 177.664119
1.023862 180.298659
1.041364 182.952405
1.058865 185.625527
1.076367 188.317765
1.093869 191.028860
1.111371 193.758693
1.128873 196.507172
1.146375 199.274550
1.163877 202.060304
1.181379 204.864311
1.198881 207.686449
1.216383 210.526789
1.233885 213.385241
1.251386 216.261447
1.268888 219.155281
1.286390 222.066613
1.303892 224.995686
1.321394 227.942061
1.338896 230.905550
1.356398 233.886020
1.373900 236.883453
1.391402 239.897925
1.408904 242.928987
1.426406 245.976505
1.443907 249.040348
1.461409 252.120663
1.478911 255.217185
1.496413 258.329632
1.513915 261.457871
1.531417 264.601790
1.548919 267.761641
1.566421 270.936881
1.583923 274.127378
1.601425 277.332996
1.618927 280.553795
1.636428 283.789685
1.653930 287.040296
1.671432 290.305493
1.688934 293.585143
1.706436 296.879477
1.723938 300.188063
1.741440 303.510704
1.758942 306.847267
1.776444 310.197725
1.793946 313.562167
1.811448 316.940137
1.828949 320.331504
1.846451 323.736138
1.863953 327.154186
1.881455 330.585398
1.898957 334.029492
1.916459 337.486340
1.933961 340.955832
1.951463 344.438240
1.968965 347.933025
1.986467 351.440064
2.003969 354.959232
2.021470 358.490596
2.038972 362.034090
2.056474 365.589350
2.073976 369.156259
2.091478 372.734696
2.108980 376.324906
2.126482 379.926484
2.143984 383.539244
2.161486 387.163075
2.178988 390.797962
2.196490 394.444027
2.213991 398.100829
2.231493 401.768261
2.248995 405.446216
2.266497 409.134860
2.283999 412.833977
2.301501 416.543307
2.319003 420.262749
2.336505 423.992214
2.354007 427.732013
2.371509 431.481632
2.389011 435.240976
2.406512 439.009954
2.424014 442.788655
2.441516 446.577057
2.459018 450.374825
2.476520 454.181873
2.494022 457.998119
2.511524 461.823832
2.529026 465.658657
2.546528 469.502439
2.564030 473.355103
2.581532 477.216667
2.599033 481.087301
2.616535 484.966600
2.634037 488.854496
2.651539 492.750921
2.669041 496.656077
2.686543 500.569802
2.704045 504.491872
2.721547 508.422227
2.739049 512.360818
2.756551 516.308011
2.774053 520.263328
2.791554 524.226722
2.809056 528.198146
2.826558 532.177729
2.844060 536.165508
2.861562 540.161188
2.879064 544.164731
2.896566 548.176101
2.914068 552.195611
2.931570 556.222967
2.949072 560.258055
2.966574 564.300850
2.984075 568.351414
3.001577 572.409980
3.019079 576.476185
3.036581 580.550013
3.054083 584.631447
3.071585 588.720735
3.089087 592.817776
3.106589 596.922393
3.124091 601.034580
3.141593 605.154332
